build/app/intermediates/manifest_merge_blame_file/release/manifest-merger-blame-release-report.txt
1<?xml version="1.0" encoding="utf-8"?>
2<manifest xmlns:android="http://schemas.android.com/apk/res/android"
3    package="com.erinet.erinet_app"
4    android:versionCode="1"
5    android:versionName="1.0.0" >
6
7    <uses-sdk
8        android:minSdkVersion="21"
8-->src\main\AndroidManifest.xml
9        android:targetSdkVersion="33" />
9-->src\main\AndroidManifest.xml
10
11    <uses-permission android:name="android.permission.ACCESS_WIFI_STATE" />
11-->src\main\AndroidManifest.xml:5:5-76
11-->src\main\AndroidManifest.xml:5:22-73
12    <uses-permission android:name="android.permission.RECORD_AUDIO" />
12-->src\main\AndroidManifest.xml:6:5-71
12-->src\main\AndroidManifest.xml:6:22-68
13    <uses-permission android:name="android.permission.INTERNET" />
13-->src\main\AndroidManifest.xml:7:5-67
13-->src\main\AndroidManifest.xml:7:22-64
14    <uses-permission android:name="android.permission.ACCESS_NETWORK_STATE" />
14-->src\main\AndroidManifest.xml:8:5-79
14-->src\main\AndroidManifest.xml:8:22-76
15    <uses-permission android:name="android.permission.CAMERA" />
15-->src\main\AndroidManifest.xml:9:5-65
15-->src\main\AndroidManifest.xml:9:22-62
16    <uses-permission android:name="android.permission.BLUETOOTH" />
16-->src\main\AndroidManifest.xml:10:5-68
16-->src\main\AndroidManifest.xml:10:22-65
17    <uses-permission android:name="android.permission.MODIFY_AUDIO_SETTINGS" />
17-->src\main\AndroidManifest.xml:11:5-80
17-->src\main\AndroidManifest.xml:11:22-77
18    <uses-permission android:name="android.permission.WRITE_EXTERNAL_STORAGE" />
18-->src\main\AndroidManifest.xml:12:5-81
18-->src\main\AndroidManifest.xml:12:22-78
19    <uses-permission android:name="android.permission.READ_PHONE_STATE" />
19-->src\main\AndroidManifest.xml:13:5-75
19-->src\main\AndroidManifest.xml:13:22-72
20    <uses-permission android:name="android.permission.WAKE_LOCK" />
20-->src\main\AndroidManifest.xml:14:5-68
20-->src\main\AndroidManifest.xml:14:22-65
21    <uses-permission android:name="android.permission.VIBRATE" />
21-->src\main\AndroidManifest.xml:15:5-65
21-->src\main\AndroidManifest.xml:15:22-63
22    <uses-permission android:name="android.permission.POST_NOTIFICATIONS" />
22-->[:awesome_notifications] AndroidManifest.xml:9:5-77
22-->[:awesome_notifications] AndroidManifest.xml:9:22-74
23    <uses-permission android:name="android.permission.BROADCAST_CLOSE_SYSTEM_DIALOGS" />
23-->[:awesome_notifications] AndroidManifest.xml:10:5-89
23-->[:awesome_notifications] AndroidManifest.xml:10:22-86
24    <uses-permission android:name="android.permission.RECEIVE_BOOT_COMPLETED" />
24-->[:awesome_notifications] AndroidManifest.xml:11:5-81
24-->[:awesome_notifications] AndroidManifest.xml:11:22-78
25    <uses-permission android:name="android.permission.FOREGROUND_SERVICE" />
25-->[:zego_express_engine] AndroidManifest.xml:9:5-77
25-->[:zego_express_engine] AndroidManifest.xml:9:22-74
26    <uses-permission android:name="android.permission.USE_FULL_SCREEN_INTENT" />
26-->[:flutter_callkit_incoming] AndroidManifest.xml:9:5-81
26-->[:flutter_callkit_incoming] AndroidManifest.xml:9:22-78
27    <uses-permission android:name="android.permission.CALL_PHONE" />
27-->[:flutter_phone_direct_caller] AndroidManifest.xml:9:5-69
27-->[:flutter_phone_direct_caller] AndroidManifest.xml:9:22-66
28
29    <uses-feature
29-->[:flutter_phone_direct_caller] AndroidManifest.xml:11:5-13:36
30        android:name="android.hardware.telephony"
30-->[:flutter_phone_direct_caller] AndroidManifest.xml:12:9-50
31        android:required="false" />
31-->[:flutter_phone_direct_caller] AndroidManifest.xml:13:9-33
32
33    <permission
33-->[androidx.core:core:1.9.0] AndroidManifest.xml:22:5-24:47
34        android:name="com.erinet.erinet_app.DYNAMIC_RECEIVER_NOT_EXPORTED_PERMISSION"
34-->[androidx.core:core:1.9.0] AndroidManifest.xml:23:9-81
35        android:protectionLevel="signature" />
35-->[androidx.core:core:1.9.0] AndroidManifest.xml:24:9-44
36
37    <uses-permission android:name="com.erinet.erinet_app.DYNAMIC_RECEIVER_NOT_EXPORTED_PERMISSION" />
37-->[androidx.core:core:1.9.0] AndroidManifest.xml:26:5-97
37-->[androidx.core:core:1.9.0] AndroidManifest.xml:26:22-94
38    <uses-permission android:name="android.permission.GET_TASKS" /> <!-- 华为推送 -->
38-->[im.zego:zpns:2.3.0] AndroidManifest.xml:14:5-68
38-->[im.zego:zpns:2.3.0] AndroidManifest.xml:14:22-65
39    <queries>
39-->[im.zego:zpns:2.3.0] AndroidManifest.xml:17:5-21:15
40        <intent>
40-->[im.zego:zpns:2.3.0] AndroidManifest.xml:18:9-20:18
41            <action android:name="com.huawei.hms.core.aidlservice" />
41-->[im.zego:zpns:2.3.0] AndroidManifest.xml:19:13-70
41-->[im.zego:zpns:2.3.0] AndroidManifest.xml:19:21-67
42        </intent>
43    </queries>
44
45    <uses-permission android:name="android.permission.READ_EXTERNAL_STORAGE" /> <!-- for android -->
46    <!-- <uses-permission android:name="com.android.launcher.permission.READ_SETTINGS"/> -->
47    <!-- <uses-permission android:name="com.android.launcher.permission.WRITE_SETTINGS"/> -->
48    <!-- <uses-permission android:name="com.android.launcher.permission.INSTALL_SHORTCUT" /> -->
49    <!-- <uses-permission android:name="com.android.launcher.permission.UNINSTALL_SHORTCUT" /> -->
50    <!-- for Samsung -->
51    <uses-permission android:name="com.sec.android.provider.badge.permission.READ" />
51-->[me.leolin:ShortcutBadger:1.1.22] AndroidManifest.xml:19:5-86
51-->[me.leolin:ShortcutBadger:1.1.22] AndroidManifest.xml:19:22-83
52    <uses-permission android:name="com.sec.android.provider.badge.permission.WRITE" /> <!-- for htc -->
52-->[me.leolin:ShortcutBadger:1.1.22] AndroidManifest.xml:20:5-87
52-->[me.leolin:ShortcutBadger:1.1.22] AndroidManifest.xml:20:22-84
53    <uses-permission android:name="com.htc.launcher.permission.READ_SETTINGS" />
53-->[me.leolin:ShortcutBadger:1.1.22] AndroidManifest.xml:23:5-81
53-->[me.leolin:ShortcutBadger:1.1.22] AndroidManifest.xml:23:22-78
54    <uses-permission android:name="com.htc.launcher.permission.UPDATE_SHORTCUT" /> <!-- for sony -->
54-->[me.leolin:ShortcutBadger:1.1.22] AndroidManifest.xml:24:5-83
54-->[me.leolin:ShortcutBadger:1.1.22] AndroidManifest.xml:24:22-80
55    <uses-permission android:name="com.sonyericsson.home.permission.BROADCAST_BADGE" />
55-->[me.leolin:ShortcutBadger:1.1.22] AndroidManifest.xml:27:5-88
55-->[me.leolin:ShortcutBadger:1.1.22] AndroidManifest.xml:27:22-85
56    <uses-permission android:name="com.sonymobile.home.permission.PROVIDER_INSERT_BADGE" /> <!-- for apex -->
56-->[me.leolin:ShortcutBadger:1.1.22] AndroidManifest.xml:28:5-92
56-->[me.leolin:ShortcutBadger:1.1.22] AndroidManifest.xml:28:22-89
57    <uses-permission android:name="com.anddoes.launcher.permission.UPDATE_COUNT" /> <!-- for solid -->
57-->[me.leolin:ShortcutBadger:1.1.22] AndroidManifest.xml:31:5-84
57-->[me.leolin:ShortcutBadger:1.1.22] AndroidManifest.xml:31:22-81
58    <uses-permission android:name="com.majeur.launcher.permission.UPDATE_BADGE" /> <!-- for huawei -->
58-->[me.leolin:ShortcutBadger:1.1.22] AndroidManifest.xml:34:5-83
58-->[me.leolin:ShortcutBadger:1.1.22] AndroidManifest.xml:34:22-80
59    <uses-permission android:name="com.huawei.android.launcher.permission.CHANGE_BADGE" />
59-->[me.leolin:ShortcutBadger:1.1.22] AndroidManifest.xml:37:5-91
59-->[me.leolin:ShortcutBadger:1.1.22] AndroidManifest.xml:37:22-88
60    <uses-permission android:name="com.huawei.android.launcher.permission.READ_SETTINGS" />
60-->[me.leolin:ShortcutBadger:1.1.22] AndroidManifest.xml:38:5-92
60-->[me.leolin:ShortcutBadger:1.1.22] AndroidManifest.xml:38:22-89
61    <uses-permission android:name="com.huawei.android.launcher.permission.WRITE_SETTINGS" /> <!-- for ZUK -->
61-->[me.leolin:ShortcutBadger:1.1.22] AndroidManifest.xml:39:5-93
61-->[me.leolin:ShortcutBadger:1.1.22] AndroidManifest.xml:39:22-90
62    <uses-permission android:name="android.permission.READ_APP_BADGE" /> <!-- for OPPO -->
62-->[me.leolin:ShortcutBadger:1.1.22] AndroidManifest.xml:42:5-73
62-->[me.leolin:ShortcutBadger:1.1.22] AndroidManifest.xml:42:22-70
63    <uses-permission android:name="com.oppo.launcher.permission.READ_SETTINGS" />
63-->[me.leolin:ShortcutBadger:1.1.22] AndroidManifest.xml:45:5-82
63-->[me.leolin:ShortcutBadger:1.1.22] AndroidManifest.xml:45:22-79
64    <uses-permission android:name="com.oppo.launcher.permission.WRITE_SETTINGS" /> <!-- for EvMe -->
64-->[me.leolin:ShortcutBadger:1.1.22] AndroidManifest.xml:46:5-83
64-->[me.leolin:ShortcutBadger:1.1.22] AndroidManifest.xml:46:22-80
65    <uses-permission android:name="me.everything.badger.permission.BADGE_COUNT_READ" />
65-->[me.leolin:ShortcutBadger:1.1.22] AndroidManifest.xml:49:5-88
65-->[me.leolin:ShortcutBadger:1.1.22] AndroidManifest.xml:49:22-85
66    <uses-permission android:name="me.everything.badger.permission.BADGE_COUNT_WRITE" />
66-->[me.leolin:ShortcutBadger:1.1.22] AndroidManifest.xml:50:5-89
66-->[me.leolin:ShortcutBadger:1.1.22] AndroidManifest.xml:50:22-86
67
68    <application
69        android:name="android.app.Application"
69-->src\main\AndroidManifest.xml:19:9-42
70        android:appComponentFactory="androidx.core.app.CoreComponentFactory"
70-->[androidx.core:core:1.9.0] AndroidManifest.xml:28:18-86
71        android:icon="@mipmap/ic_launcher"
71-->src\main\AndroidManifest.xml:20:9-43
72        android:label="erinet_app" >
72-->src\main\AndroidManifest.xml:18:9-35
73        <activity
73-->src\main\AndroidManifest.xml:21:9-42:20
74            android:name="com.erinet.erinet_app.MainActivity"
74-->src\main\AndroidManifest.xml:22:13-41
75            android:configChanges="orientation|keyboardHidden|keyboard|screenSize|smallestScreenSize|locale|layoutDirection|fontScale|screenLayout|density|uiMode"
75-->src\main\AndroidManifest.xml:26:13-163
76            android:exported="true"
76-->src\main\AndroidManifest.xml:23:13-36
77            android:hardwareAccelerated="true"
77-->src\main\AndroidManifest.xml:27:13-47
78            android:launchMode="singleTop"
78-->src\main\AndroidManifest.xml:24:13-43
79            android:theme="@style/LaunchTheme"
79-->src\main\AndroidManifest.xml:25:13-47
80            android:windowSoftInputMode="adjustResize" >
80-->src\main\AndroidManifest.xml:28:13-55
81
82            <!--
83                 Specifies an Android theme to apply to this Activity as soon as
84                 the Android process has started. This theme is visible to the user
85                 while the Flutter UI initializes. After that, this theme continues
86                 to determine the Window background behind the Flutter UI.
87            -->
88            <meta-data
88-->src\main\AndroidManifest.xml:34:13-37:17
89                android:name="io.flutter.embedding.android.NormalTheme"
89-->src\main\AndroidManifest.xml:35:15-70
90                android:resource="@style/NormalTheme" />
90-->src\main\AndroidManifest.xml:36:15-52
91
92            <intent-filter>
92-->src\main\AndroidManifest.xml:38:13-41:29
93                <action android:name="android.intent.action.MAIN" />
93-->src\main\AndroidManifest.xml:39:17-68
93-->src\main\AndroidManifest.xml:39:25-66
94
95                <category android:name="android.intent.category.LAUNCHER" />
95-->src\main\AndroidManifest.xml:40:17-76
95-->src\main\AndroidManifest.xml:40:27-74
96            </intent-filter>
97        </activity>
98        <!--
99             Don't delete the meta-data below.
100             This is used by the Flutter tool to generate GeneratedPluginRegistrant.java
101        -->
102        <meta-data
102-->src\main\AndroidManifest.xml:45:9-47:33
103            android:name="flutterEmbedding"
103-->src\main\AndroidManifest.xml:46:13-44
104            android:value="2" />
104-->src\main\AndroidManifest.xml:47:13-30
105
106        <provider
106-->[:image_picker_android] AndroidManifest.xml:10:9-18:20
107            android:name="io.flutter.plugins.imagepicker.ImagePickerFileProvider"
107-->[:image_picker_android] AndroidManifest.xml:11:13-82
108            android:authorities="com.erinet.erinet_app.flutter.image_provider"
108-->[:image_picker_android] AndroidManifest.xml:12:13-74
109            android:exported="false"
109-->[:image_picker_android] AndroidManifest.xml:13:13-37
110            android:grantUriPermissions="true" >
110-->[:image_picker_android] AndroidManifest.xml:14:13-47
111            <meta-data
111-->[:image_picker_android] AndroidManifest.xml:15:13-17:75
112                android:name="android.support.FILE_PROVIDER_PATHS"
112-->[:image_picker_android] AndroidManifest.xml:16:17-67
113                android:resource="@xml/flutter_image_picker_file_paths" />
113-->[:image_picker_android] AndroidManifest.xml:17:17-72
114        </provider>
115
116        <receiver
116-->[:awesome_notifications] AndroidManifest.xml:15:9-17:39
117            android:name="me.carda.awesome_notifications.DartNotificationActionReceiver"
117-->[:awesome_notifications] AndroidManifest.xml:16:13-89
118            android:exported="true" />
118-->[:awesome_notifications] AndroidManifest.xml:17:13-36
119        <receiver
119-->[:awesome_notifications] AndroidManifest.xml:18:9-20:39
120            android:name="me.carda.awesome_notifications.DartDismissedNotificationReceiver"
120-->[:awesome_notifications] AndroidManifest.xml:19:13-92
121            android:exported="true" />
121-->[:awesome_notifications] AndroidManifest.xml:20:13-36
122        <receiver
122-->[:awesome_notifications] AndroidManifest.xml:21:9-23:39
123            android:name="me.carda.awesome_notifications.DartScheduledNotificationReceiver"
123-->[:awesome_notifications] AndroidManifest.xml:22:13-92
124            android:exported="true" />
124-->[:awesome_notifications] AndroidManifest.xml:23:13-36
125        <receiver
125-->[:awesome_notifications] AndroidManifest.xml:24:9-38:20
126            android:name="me.carda.awesome_notifications.DartRefreshSchedulesReceiver"
126-->[:awesome_notifications] AndroidManifest.xml:25:13-87
127            android:enabled="true"
127-->[:awesome_notifications] AndroidManifest.xml:26:13-35
128            android:exported="true" >
128-->[:awesome_notifications] AndroidManifest.xml:27:13-36
129            <intent-filter>
129-->[:awesome_notifications] AndroidManifest.xml:28:13-37:29
130                <category android:name="android.intent.category.DEFAULT" />
130-->[:awesome_notifications] AndroidManifest.xml:29:17-76
130-->[:awesome_notifications] AndroidManifest.xml:29:27-73
131
132                <action android:name="android.intent.action.BOOT_COMPLETED" />
132-->[:awesome_notifications] AndroidManifest.xml:31:17-79
132-->[:awesome_notifications] AndroidManifest.xml:31:25-76
133                <action android:name="android.intent.action.LOCKED_BOOT_COMPLETED" />
133-->[:awesome_notifications] AndroidManifest.xml:32:17-86
133-->[:awesome_notifications] AndroidManifest.xml:32:25-83
134                <action android:name="android.intent.action.MY_PACKAGE_REPLACED" />
134-->[:awesome_notifications] AndroidManifest.xml:33:17-84
134-->[:awesome_notifications] AndroidManifest.xml:33:25-81
135                <action android:name="android.intent.action.QUICKBOOT_POWERON" />
135-->[:awesome_notifications] AndroidManifest.xml:34:17-82
135-->[:awesome_notifications] AndroidManifest.xml:34:25-79
136                <action android:name="com.htc.intent.action.QUICKBOOT_POWERON" />
136-->[:awesome_notifications] AndroidManifest.xml:35:17-82
136-->[:awesome_notifications] AndroidManifest.xml:35:25-79
137                <action android:name="android.app.action.SCHEDULE_EXACT_ALARM_PERMISSION_STATE_CHANGED" />
137-->[:awesome_notifications] AndroidManifest.xml:36:17-107
137-->[:awesome_notifications] AndroidManifest.xml:36:25-104
138            </intent-filter>
139        </receiver>
140
141        <service
141-->[:awesome_notifications] AndroidManifest.xml:40:9-43:72
142            android:name="me.carda.awesome_notifications.DartBackgroundService"
142-->[:awesome_notifications] AndroidManifest.xml:41:13-80
143            android:exported="false"
143-->[:awesome_notifications] AndroidManifest.xml:42:13-37
144            android:permission="android.permission.BIND_JOB_SERVICE" />
144-->[:awesome_notifications] AndroidManifest.xml:43:13-69
145        <service
145-->[:awesome_notifications] AndroidManifest.xml:44:9-49:43
146            android:name="me.carda.awesome_notifications.core.services.ForegroundService"
146-->[:awesome_notifications] AndroidManifest.xml:45:13-90
147            android:enabled="true"
147-->[:awesome_notifications] AndroidManifest.xml:46:13-35
148            android:exported="false"
148-->[:awesome_notifications] AndroidManifest.xml:47:13-37
149            android:foregroundServiceType="phoneCall"
149-->[:awesome_notifications] AndroidManifest.xml:48:13-54
150            android:stopWithTask="true" />
150-->[:awesome_notifications] AndroidManifest.xml:49:13-40
151        <service
151-->[:zego_zpns] AndroidManifest.xml:10:9-13:72
152            android:name="com.example.zego_zpns.internal.utils.ZPNsMessagingBackgroundService"
152-->[:zego_zpns] AndroidManifest.xml:11:13-95
153            android:exported="false"
153-->[:zego_zpns] AndroidManifest.xml:12:13-37
154            android:permission="android.permission.BIND_JOB_SERVICE" />
154-->[:zego_zpns] AndroidManifest.xml:13:13-69
155
156        <receiver
156-->[:zego_zpns] AndroidManifest.xml:15:9-22:20
157            android:name="com.example.zego_zpns.internal.ZPNsPluginEventHandler"
157-->[:zego_zpns] AndroidManifest.xml:16:13-81
158            android:enabled="true"
158-->[:zego_zpns] AndroidManifest.xml:17:13-35
159            android:exported="true" >
159-->[:zego_zpns] AndroidManifest.xml:18:13-36
160            <intent-filter>
160-->[:zego_zpns] AndroidManifest.xml:19:13-21:29
161                <action android:name="im.zego.zim.zpns.intent.action.MESSAGE" />
161-->[:zego_zpns] AndroidManifest.xml:20:17-81
161-->[:zego_zpns] AndroidManifest.xml:20:25-78
162            </intent-filter>
163        </receiver>
164
165        <activity
165-->[:zego_express_engine] AndroidManifest.xml:12:9-17:64
166            android:name="im.zego.internal.screencapture.ZegoScreenCaptureManager$ZegoScreenCaptureAssistantActivity"
166-->[:zego_express_engine] AndroidManifest.xml:13:13-118
167            android:configChanges="screenSize|orientation"
167-->[:zego_express_engine] AndroidManifest.xml:14:13-59
168            android:exported="false"
168-->[:zego_express_engine] AndroidManifest.xml:15:13-37
169            android:screenOrientation="fullUser"
169-->[:zego_express_engine] AndroidManifest.xml:16:13-49
170            android:theme="@android:style/Theme.Translucent" />
170-->[:zego_express_engine] AndroidManifest.xml:17:13-61
171
172        <service
172-->[:zego_express_engine] AndroidManifest.xml:19:9-27:19
173            android:name="im.zego.internal.screencapture.ZegoScreenCaptureService"
173-->[:zego_express_engine] AndroidManifest.xml:20:13-83
174            android:enabled="true"
174-->[:zego_express_engine] AndroidManifest.xml:21:13-35
175            android:exported="false"
175-->[:zego_express_engine] AndroidManifest.xml:22:13-37
176            android:foregroundServiceType="mediaProjection" >
176-->[:zego_express_engine] AndroidManifest.xml:23:13-60
177            <intent-filter>
177-->[:zego_express_engine] AndroidManifest.xml:24:13-26:29
178                <action android:name="android.intent.action.screenshare" />
178-->[:zego_express_engine] AndroidManifest.xml:25:17-76
178-->[:zego_express_engine] AndroidManifest.xml:25:25-73
179            </intent-filter>
180        </service>
181
182        <activity
182-->[:flutter_callkit_incoming] AndroidManifest.xml:15:9-29:20
183            android:name="com.hiennv.flutter_callkit_incoming.CallkitIncomingActivity"
183-->[:flutter_callkit_incoming] AndroidManifest.xml:16:13-87
184            android:excludeFromRecents="true"
184-->[:flutter_callkit_incoming] AndroidManifest.xml:17:13-46
185            android:exported="true"
185-->[:flutter_callkit_incoming] AndroidManifest.xml:18:13-36
186            android:launchMode="singleTask"
186-->[:flutter_callkit_incoming] AndroidManifest.xml:19:13-44
187            android:screenOrientation="portrait"
187-->[:flutter_callkit_incoming] AndroidManifest.xml:20:13-49
188            android:showOnLockScreen="true"
188-->[:flutter_callkit_incoming] AndroidManifest.xml:21:13-44
189            android:theme="@style/CallkitIncomingTheme"
189-->[:flutter_callkit_incoming] AndroidManifest.xml:22:13-56
190            android:turnScreenOn="true" >
190-->[:flutter_callkit_incoming] AndroidManifest.xml:23:13-40
191            <intent-filter>
191-->[:flutter_callkit_incoming] AndroidManifest.xml:24:13-28:29
192                <action android:name="com.erinet.erinet_app.com.hiennv.flutter_callkit_incoming.ACTION_CALL_INCOMING" />
192-->[:flutter_callkit_incoming] AndroidManifest.xml:25:17-116
192-->[:flutter_callkit_incoming] AndroidManifest.xml:25:25-113
193
194                <category android:name="android.intent.category.DEFAULT" />
194-->[:awesome_notifications] AndroidManifest.xml:29:17-76
194-->[:awesome_notifications] AndroidManifest.xml:29:27-73
195            </intent-filter>
196        </activity>
197        <activity
197-->[:flutter_callkit_incoming] AndroidManifest.xml:30:9-33:55
198            android:name="com.hiennv.flutter_callkit_incoming.TransparentActivity"
198-->[:flutter_callkit_incoming] AndroidManifest.xml:31:13-83
199            android:exported="false"
199-->[:flutter_callkit_incoming] AndroidManifest.xml:32:13-37
200            android:theme="@style/TranslucentTheme" />
200-->[:flutter_callkit_incoming] AndroidManifest.xml:33:13-52
201
202        <receiver
202-->[:flutter_callkit_incoming] AndroidManifest.xml:35:9-46:20
203            android:name="com.hiennv.flutter_callkit_incoming.CallkitIncomingBroadcastReceiver"
203-->[:flutter_callkit_incoming] AndroidManifest.xml:36:13-96
204            android:enabled="true"
204-->[:flutter_callkit_incoming] AndroidManifest.xml:37:13-35
205            android:exported="true" >
205-->[:flutter_callkit_incoming] AndroidManifest.xml:38:13-36
206            <intent-filter>
206-->[:flutter_callkit_incoming] AndroidManifest.xml:39:13-45:29
207                <action android:name="com.erinet.erinet_app.com.hiennv.flutter_callkit_incoming.ACTION_CALL_INCOMING" />
207-->[:flutter_callkit_incoming] AndroidManifest.xml:25:17-116
207-->[:flutter_callkit_incoming] AndroidManifest.xml:25:25-113
208                <action android:name="com.erinet.erinet_app.com.hiennv.flutter_callkit_incoming.ACTION_CALL_ACCEPT" />
208-->[:flutter_callkit_incoming] AndroidManifest.xml:41:17-114
208-->[:flutter_callkit_incoming] AndroidManifest.xml:41:25-111
209                <action android:name="com.erinet.erinet_app.com.hiennv.flutter_callkit_incoming.ACTION_CALL_DECLINE" />
209-->[:flutter_callkit_incoming] AndroidManifest.xml:42:17-115
209-->[:flutter_callkit_incoming] AndroidManifest.xml:42:25-112
210                <action android:name="com.erinet.erinet_app.com.hiennv.flutter_callkit_incoming.ACTION_CALL_ENDED" />
210-->[:flutter_callkit_incoming] AndroidManifest.xml:43:17-113
210-->[:flutter_callkit_incoming] AndroidManifest.xml:43:25-110
211                <action android:name="com.erinet.erinet_app.com.hiennv.flutter_callkit_incoming.ACTION_CALL_TIMEOUT" />
211-->[:flutter_callkit_incoming] AndroidManifest.xml:44:17-115
211-->[:flutter_callkit_incoming] AndroidManifest.xml:44:25-112
212            </intent-filter>
213        </receiver>
214
215        <service
215-->[:flutter_callkit_incoming] AndroidManifest.xml:48:9-51:39
216            android:name="com.hiennv.flutter_callkit_incoming.CallkitSoundPlayerService"
216-->[:flutter_callkit_incoming] AndroidManifest.xml:49:13-89
217            android:enabled="true"
217-->[:flutter_callkit_incoming] AndroidManifest.xml:50:13-35
218            android:exported="true" /> <!-- Mqtt Service -->
218-->[:flutter_callkit_incoming] AndroidManifest.xml:51:13-36
219        <service android:name="org.eclipse.paho.android.service.MqttService" />
219-->[com.github.umair13adil:RxLogs:1.0.18] AndroidManifest.xml:18:9-80
219-->[com.github.umair13adil:RxLogs:1.0.18] AndroidManifest.xml:18:18-77
220
221        <uses-library
221-->[androidx.window:window:1.0.0-beta04] AndroidManifest.xml:25:9-27:40
222            android:name="androidx.window.extensions"
222-->[androidx.window:window:1.0.0-beta04] AndroidManifest.xml:26:13-54
223            android:required="false" />
223-->[androidx.window:window:1.0.0-beta04] AndroidManifest.xml:27:13-37
224        <uses-library
224-->[androidx.window:window:1.0.0-beta04] AndroidManifest.xml:28:9-30:40
225            android:name="androidx.window.sidecar"
225-->[androidx.window:window:1.0.0-beta04] AndroidManifest.xml:29:13-51
226            android:required="false" />
226-->[androidx.window:window:1.0.0-beta04] AndroidManifest.xml:30:13-37
227
228        <provider
228-->[androidx.work:work-runtime:2.7.1] AndroidManifest.xml:31:9-39:20
229            android:name="androidx.startup.InitializationProvider"
229-->[androidx.work:work-runtime:2.7.1] AndroidManifest.xml:32:13-67
230            android:authorities="com.erinet.erinet_app.androidx-startup"
230-->[androidx.work:work-runtime:2.7.1] AndroidManifest.xml:33:13-68
231            android:exported="false" >
231-->[androidx.work:work-runtime:2.7.1] AndroidManifest.xml:34:13-37
232            <meta-data
232-->[androidx.work:work-runtime:2.7.1] AndroidManifest.xml:36:13-38:52
233                android:name="androidx.work.WorkManagerInitializer"
233-->[androidx.work:work-runtime:2.7.1] AndroidManifest.xml:37:17-68
234                android:value="androidx.startup" />
234-->[androidx.work:work-runtime:2.7.1] AndroidManifest.xml:38:17-49
235            <meta-data
235-->[androidx.emoji2:emoji2:1.2.0] AndroidManifest.xml:29:13-31:52
236                android:name="androidx.emoji2.text.EmojiCompatInitializer"
236-->[androidx.emoji2:emoji2:1.2.0] AndroidManifest.xml:30:17-75
237                android:value="androidx.startup" />
237-->[androidx.emoji2:emoji2:1.2.0] AndroidManifest.xml:31:17-49
238            <meta-data
238-->[androidx.lifecycle:lifecycle-process:2.5.1] AndroidManifest.xml:31:13-33:52
239                android:name="androidx.lifecycle.ProcessLifecycleInitializer"
239-->[androidx.lifecycle:lifecycle-process:2.5.1] AndroidManifest.xml:32:17-78
240                android:value="androidx.startup" />
240-->[androidx.lifecycle:lifecycle-process:2.5.1] AndroidManifest.xml:33:17-49
241        </provider>
242
243        <service
243-->[androidx.work:work-runtime:2.7.1] AndroidManifest.xml:41:9-46:35
244            android:name="androidx.work.impl.background.systemalarm.SystemAlarmService"
244-->[androidx.work:work-runtime:2.7.1] AndroidManifest.xml:42:13-88
245            android:directBootAware="false"
245-->[androidx.work:work-runtime:2.7.1] AndroidManifest.xml:43:13-44
246            android:enabled="@bool/enable_system_alarm_service_default"
246-->[androidx.work:work-runtime:2.7.1] AndroidManifest.xml:44:13-72
247            android:exported="false" />
247-->[androidx.work:work-runtime:2.7.1] AndroidManifest.xml:45:13-37
248        <service
248-->[androidx.work:work-runtime:2.7.1] AndroidManifest.xml:47:9-53:35
249            android:name="androidx.work.impl.background.systemjob.SystemJobService"
249-->[androidx.work:work-runtime:2.7.1] AndroidManifest.xml:48:13-84
250            android:directBootAware="false"
250-->[androidx.work:work-runtime:2.7.1] AndroidManifest.xml:49:13-44
251            android:enabled="@bool/enable_system_job_service_default"
251-->[androidx.work:work-runtime:2.7.1] AndroidManifest.xml:50:13-70
252            android:exported="true"
252-->[androidx.work:work-runtime:2.7.1] AndroidManifest.xml:51:13-36
253            android:permission="android.permission.BIND_JOB_SERVICE" />
253-->[androidx.work:work-runtime:2.7.1] AndroidManifest.xml:52:13-69
254        <service
254-->[androidx.work:work-runtime:2.7.1] AndroidManifest.xml:54:9-59:35
255            android:name="androidx.work.impl.foreground.SystemForegroundService"
255-->[androidx.work:work-runtime:2.7.1] AndroidManifest.xml:55:13-81
256            android:directBootAware="false"
256-->[androidx.work:work-runtime:2.7.1] AndroidManifest.xml:56:13-44
257            android:enabled="@bool/enable_system_foreground_service_default"
257-->[androidx.work:work-runtime:2.7.1] AndroidManifest.xml:57:13-77
258            android:exported="false" />
258-->[androidx.work:work-runtime:2.7.1] AndroidManifest.xml:58:13-37
259
260        <receiver
260-->[androidx.work:work-runtime:2.7.1] AndroidManifest.xml:61:9-66:35
261            android:name="androidx.work.impl.utils.ForceStopRunnable$BroadcastReceiver"
261-->[androidx.work:work-runtime:2.7.1] AndroidManifest.xml:62:13-88
262            android:directBootAware="false"
262-->[androidx.work:work-runtime:2.7.1] AndroidManifest.xml:63:13-44
263            android:enabled="true"
263-->[androidx.work:work-runtime:2.7.1] AndroidManifest.xml:64:13-35
264            android:exported="false" />
264-->[androidx.work:work-runtime:2.7.1] AndroidManifest.xml:65:13-37
265        <receiver
265-->[androidx.work:work-runtime:2.7.1] AndroidManifest.xml:67:9-77:20
266            android:name="androidx.work.impl.background.systemalarm.ConstraintProxy$BatteryChargingProxy"
266-->[androidx.work:work-runtime:2.7.1] AndroidManifest.xml:68:13-106
267            android:directBootAware="false"
267-->[androidx.work:work-runtime:2.7.1] AndroidManifest.xml:69:13-44
268            android:enabled="false"
268-->[androidx.work:work-runtime:2.7.1] AndroidManifest.xml:70:13-36
269            android:exported="false" >
269-->[androidx.work:work-runtime:2.7.1] AndroidManifest.xml:71:13-37
270            <intent-filter>
270-->[androidx.work:work-runtime:2.7.1] AndroidManifest.xml:73:13-76:29